D:\デスクトップ\PROJECT\SAMPLE\SAMPLE\TDXLIN\RELEASE\TOUCH.OBJ
D:\デスクトップ\PROJECT\SAMPLE\SAMPLE\TDXLIN\RELEASE\TASK.OBJ
D:\デスクトップ\PROJECT\SAMPLE\SAMPLE\TDXLIN\RELEASE\SOUND.OBJ
D:\デスクトップ\PROJECT\SAMPLE\SAMPLE\TDXLIN\RELEASE\MODEL.OBJ
D:\デスクトップ\PROJECT\SAMPLE\SAMPLE\TDXLIN\RELEASE\MEMORY.OBJ
D:\デスクトップ\PROJECT\SAMPLE\SAMPLE\TDXLIN\RELEASE\KEYINPUTSTRING.OBJ
D:\デスクトップ\PROJECT\SAMPLE\SAMPLE\TDXLIN\RELEASE\KEYBOARD.OBJ
D:\デスクトップ\PROJECT\SAMPLE\SAMPLE\TDXLIN\RELEASE\HIT.OBJ
D:\デスクトップ\PROJECT\SAMPLE\SAMPLE\TDXLIN\RELEASE\GRAPHICS.OBJ
D:\デスクトップ\PROJECT\SAMPLE\SAMPLE\TDXLIN\RELEASE\GRAPHCISANIMATIONPLAYER.OBJ
D:\デスクトップ\PROJECT\SAMPLE\SAMPLE\TDXLIN\RELEASE\FONTMGR.OBJ
D:\デスクトップ\PROJECT\SAMPLE\SAMPLE\TDXLIN\RELEASE\FILE.OBJ
D:\デスクトップ\PROJECT\SAMPLE\SAMPLE\TDXLIN\RELEASE\FIGURE.OBJ
D:\デスクトップ\PROJECT\SAMPLE\SAMPLE\TDXLIN\RELEASE\EASING.OBJ
D:\デスクトップ\PROJECT\SAMPLE\SAMPLE\TDXLIN\RELEASE\DEBUG.OBJ
D:\デスクトップ\PROJECT\SAMPLE\SAMPLE\TDXLIN\RELEASE\COMMUNICATION.OBJ
D:\デスクトップ\PROJECT\SAMPLE\SAMPLE\TDXLIN\RELEASE\VC110.PDB
D:\デスクトップ\PROJECT\SAMPLE\SAMPLE\RELEASE\TDXLIB.LIB
D:\デスクトップ\Project\Sample\Sample\TDXLin\Release\Communication.obj
D:\デスクトップ\Project\Sample\Sample\TDXLin\Release\Debug.obj
D:\デスクトップ\Project\Sample\Sample\TDXLin\Release\Easing.obj
D:\デスクトップ\Project\Sample\Sample\TDXLin\Release\Figure.obj
D:\デスクトップ\Project\Sample\Sample\TDXLin\Release\File.obj
D:\デスクトップ\Project\Sample\Sample\TDXLin\Release\FontMgr.obj
D:\デスクトップ\Project\Sample\Sample\TDXLin\Release\GraphcisAnimationPlayer.obj
D:\デスクトップ\Project\Sample\Sample\TDXLin\Release\Graphics.obj
D:\デスクトップ\Project\Sample\Sample\TDXLin\Release\Hit.obj
D:\デスクトップ\Project\Sample\Sample\TDXLin\Release\Keyboard.obj
D:\デスクトップ\Project\Sample\Sample\TDXLin\Release\KeyInputString.obj
D:\デスクトップ\Project\Sample\Sample\TDXLin\Release\Memory.obj
D:\デスクトップ\Project\Sample\Sample\TDXLin\Release\Model.obj
D:\デスクトップ\Project\Sample\Sample\TDXLin\Release\Sound.obj
D:\デスクトップ\Project\Sample\Sample\TDXLin\Release\Task.obj
D:\デスクトップ\Project\Sample\Sample\TDXLin\Release\Touch.obj
D:\デスクトップ\Project\Sample\Sample\TDXLin\Release\cl.command.1.tlog
D:\デスクトップ\Project\Sample\Sample\TDXLin\Release\CL.read.1.tlog
D:\デスクトップ\Project\Sample\Sample\TDXLin\Release\CL.write.1.tlog
D:\デスクトップ\Project\Sample\Sample\TDXLin\Release\Lib-link.read.1.tlog
D:\デスクトップ\Project\Sample\Sample\TDXLin\Release\Lib-link.write.1.tlog
D:\デスクトップ\Project\Sample\Sample\TDXLin\Release\lib.command.1.tlog
D:\デスクトップ\Project\Sample\Sample\TDXLin\Release\vc110.pdb
D:\デスクトップ\Project\Sample\Sample\Release\TDXLib.lib
