D:\デスクトップ\PROJECT\SAMPLE\SAMPLE\SAMPLE\DEBUG\CHARA_ENEMYOBJ.OBJ
D:\デスクトップ\PROJECT\SAMPLE\SAMPLE\SAMPLE\DEBUG\CHARA_PLAYEROBJ.OBJ
D:\デスクトップ\PROJECT\SAMPLE\SAMPLE\SAMPLE\DEBUG\CHARCOMRES.OBJ
D:\デスクトップ\PROJECT\SAMPLE\SAMPLE\SAMPLE\DEBUG\ENEMYMGR.OBJ
D:\デスクトップ\PROJECT\SAMPLE\SAMPLE\SAMPLE\DEBUG\GAMEMAIN.OBJ
D:\デスクトップ\PROJECT\SAMPLE\SAMPLE\SAMPLE\DEBUG\PLAYERMGR.OBJ
D:\デスクトップ\PROJECT\SAMPLE\SAMPLE\SAMPLE\DEBUG\PLAYEROBJ.OBJ
D:\デスクトップ\PROJECT\SAMPLE\SAMPLE\SAMPLE\DEBUG\SCENE.OBJ
D:\デスクトップ\PROJECT\SAMPLE\SAMPLE\SAMPLE\DEBUG\TITLE.OBJ
D:\デスクトップ\PROJECT\SAMPLE\SAMPLE\SAMPLE\DEBUG\MAPOBJ.OBJ
D:\デスクトップ\PROJECT\SAMPLE\SAMPLE\SAMPLE\DEBUG\TEST.OBJ
D:\デスクトップ\PROJECT\SAMPLE\SAMPLE\SAMPLE\DEBUG\TESTCOMMUNICATION.OBJ
D:\デスクトップ\PROJECT\SAMPLE\SAMPLE\SAMPLE\DEBUG\PACKMANGAMEMGR.OBJ
D:\デスクトップ\PROJECT\SAMPLE\SAMPLE\SAMPLE\DEBUG\PACKMANSTAGEMGR.OBJ
D:\デスクトップ\PROJECT\SAMPLE\SAMPLE\SAMPLE\DEBUG\TESTGAMEMGR.OBJ
D:\デスクトップ\PROJECT\SAMPLE\SAMPLE\SAMPLE\DEBUG\TESTANIM.OBJ
D:\デスクトップ\PROJECT\SAMPLE\SAMPLE\SAMPLE\DEBUG\TESTSHOTOBJ.OBJ
D:\デスクトップ\PROJECT\SAMPLE\SAMPLE\SAMPLE\DEBUG\TESTTETORIS.OBJ
D:\デスクトップ\PROJECT\SAMPLE\SAMPLE\SAMPLE\DEBUG\TESTMENU.OBJ
D:\デスクトップ\PROJECT\SAMPLE\SAMPLE\SAMPLE\DEBUG\MAIN.OBJ
D:\デスクトップ\PROJECT\SAMPLE\SAMPLE\SAMPLE\DEBUG\COMMONRES.OBJ
D:\デスクトップ\PROJECT\SAMPLE\SAMPLE\SAMPLE\DEBUG\GAMECOMMON.OBJ
D:\デスクトップ\PROJECT\SAMPLE\SAMPLE\SAMPLE\DEBUG\GAMEDATA.OBJ
D:\デスクトップ\PROJECT\SAMPLE\SAMPLE\SAMPLE\DEBUG\SCRIPT.OBJ
D:\デスクトップ\PROJECT\SAMPLE\SAMPLE\SAMPLE\DEBUG\SCRIPTFLAG.OBJ
D:\デスクトップ\PROJECT\SAMPLE\SAMPLE\SAMPLE\DEBUG\SCRIPTVARIABLE.OBJ
D:\デスクトップ\PROJECT\SAMPLE\SAMPLE\SAMPLE\DEBUG\BOOT.OBJ
D:\デスクトップ\PROJECT\SAMPLE\SAMPLE\SAMPLE\DEBUG\CAMERAOBJ.OBJ
D:\デスクトップ\PROJECT\SAMPLE\SAMPLE\SAMPLE\DEBUG\CHARACTOROBJ.OBJ
D:\デスクトップ\PROJECT\SAMPLE\SAMPLE\SAMPLE\DEBUG\VC110.PDB
D:\デスクトップ\PROJECT\SAMPLE\SAMPLE\SAMPLE\DEBUG\PACKMANCHACTORBASE.OBJ
D:\デスクトップ\PROJECT\SAMPLE\SAMPLE\SAMPLE\DEBUG\PACKMANCHARCTORMGR.OBJ
D:\デスクトップ\PROJECT\SAMPLE\SAMPLE\DEBUG\SAMPLE.ILK
D:\デスクトップ\PROJECT\SAMPLE\SAMPLE\DEBUG\SAMPLE.EXE
D:\デスクトップ\PROJECT\SAMPLE\SAMPLE\DEBUG\SAMPLE.PDB
D:\デスクトップ\Project\Sample\Sample\Sample\Debug\Sample.vcxprojResolveAssemblyReference.cache
D:\デスクトップ\Project\Sample\Sample\Sample\Debug\Boot.obj
D:\デスクトップ\Project\Sample\Sample\Sample\Debug\CameraObj.obj
D:\デスクトップ\Project\Sample\Sample\Sample\Debug\CharactorObj.obj
D:\デスクトップ\Project\Sample\Sample\Sample\Debug\Chara_EnemyObj.obj
D:\デスクトップ\Project\Sample\Sample\Sample\Debug\Chara_PlayerObj.obj
D:\デスクトップ\Project\Sample\Sample\Sample\Debug\CharComRes.obj
D:\デスクトップ\Project\Sample\Sample\Sample\Debug\CommonRes.obj
D:\デスクトップ\Project\Sample\Sample\Sample\Debug\EnemyMgr.obj
D:\デスクトップ\Project\Sample\Sample\Sample\Debug\GameCommon.obj
D:\デスクトップ\Project\Sample\Sample\Sample\Debug\GameData.obj
D:\デスクトップ\Project\Sample\Sample\Sample\Debug\GameMain.obj
D:\デスクトップ\Project\Sample\Sample\Sample\Debug\main.obj
D:\デスクトップ\Project\Sample\Sample\Sample\Debug\MapObj.obj
D:\デスクトップ\Project\Sample\Sample\Sample\Debug\PackManChactorBase.obj
D:\デスクトップ\Project\Sample\Sample\Sample\Debug\PackManCharctorMgr.obj
D:\デスクトップ\Project\Sample\Sample\Sample\Debug\PackManGameMgr.obj
D:\デスクトップ\Project\Sample\Sample\Sample\Debug\PackManStageMgr.obj
D:\デスクトップ\Project\Sample\Sample\Sample\Debug\PlayerMgr.obj
D:\デスクトップ\Project\Sample\Sample\Sample\Debug\PlayerObj.obj
D:\デスクトップ\Project\Sample\Sample\Sample\Debug\Scene.obj
D:\デスクトップ\Project\Sample\Sample\Sample\Debug\Script.obj
D:\デスクトップ\Project\Sample\Sample\Sample\Debug\ScriptFlag.obj
D:\デスクトップ\Project\Sample\Sample\Sample\Debug\ScriptVariable.obj
D:\デスクトップ\Project\Sample\Sample\Sample\Debug\Test.obj
D:\デスクトップ\Project\Sample\Sample\Sample\Debug\TestAnim.obj
D:\デスクトップ\Project\Sample\Sample\Sample\Debug\TestCommunication.obj
D:\デスクトップ\Project\Sample\Sample\Sample\Debug\TestGameMgr.obj
D:\デスクトップ\Project\Sample\Sample\Sample\Debug\TestMenu.obj
D:\デスクトップ\Project\Sample\Sample\Sample\Debug\TestShotObj.obj
D:\デスクトップ\Project\Sample\Sample\Sample\Debug\TestTetoris.obj
D:\デスクトップ\Project\Sample\Sample\Sample\Debug\Title.obj
D:\デスクトップ\Project\Sample\Sample\Sample\Debug\cl.command.1.tlog
D:\デスクトップ\Project\Sample\Sample\Sample\Debug\CL.read.1.tlog
D:\デスクトップ\Project\Sample\Sample\Sample\Debug\CL.write.1.tlog
D:\デスクトップ\Project\Sample\Sample\Sample\Debug\link-cvtres.read.1.tlog
D:\デスクトップ\Project\Sample\Sample\Sample\Debug\link-cvtres.write.1.tlog
D:\デスクトップ\Project\Sample\Sample\Sample\Debug\link-rc.read.1.tlog
D:\デスクトップ\Project\Sample\Sample\Sample\Debug\link-rc.write.1.tlog
D:\デスクトップ\Project\Sample\Sample\Sample\Debug\link.11104-cvtres.read.1.tlog
D:\デスクトップ\Project\Sample\Sample\Sample\Debug\link.11104-cvtres.write.1.tlog
D:\デスクトップ\Project\Sample\Sample\Sample\Debug\link.11104-rc.read.1.tlog
D:\デスクトップ\Project\Sample\Sample\Sample\Debug\link.11104-rc.write.1.tlog
D:\デスクトップ\Project\Sample\Sample\Sample\Debug\link.11104.read.1.tlog
D:\デスクトップ\Project\Sample\Sample\Sample\Debug\link.11104.write.1.tlog
D:\デスクトップ\Project\Sample\Sample\Sample\Debug\link.11756-cvtres.read.1.tlog
D:\デスクトップ\Project\Sample\Sample\Sample\Debug\link.11756-cvtres.write.1.tlog
D:\デスクトップ\Project\Sample\Sample\Sample\Debug\link.11756-rc.read.1.tlog
D:\デスクトップ\Project\Sample\Sample\Sample\Debug\link.11756-rc.write.1.tlog
D:\デスクトップ\Project\Sample\Sample\Sample\Debug\link.11756.read.1.tlog
D:\デスクトップ\Project\Sample\Sample\Sample\Debug\link.11756.write.1.tlog
D:\デスクトップ\Project\Sample\Sample\Sample\Debug\link.13256-cvtres.read.1.tlog
D:\デスクトップ\Project\Sample\Sample\Sample\Debug\link.13256-cvtres.write.1.tlog
D:\デスクトップ\Project\Sample\Sample\Sample\Debug\link.13256-rc.read.1.tlog
D:\デスクトップ\Project\Sample\Sample\Sample\Debug\link.13256-rc.write.1.tlog
D:\デスクトップ\Project\Sample\Sample\Sample\Debug\link.13256.read.1.tlog
D:\デスクトップ\Project\Sample\Sample\Sample\Debug\link.13256.write.1.tlog
D:\デスクトップ\Project\Sample\Sample\Sample\Debug\link.13948-cvtres.read.1.tlog
D:\デスクトップ\Project\Sample\Sample\Sample\Debug\link.13948-cvtres.write.1.tlog
D:\デスクトップ\Project\Sample\Sample\Sample\Debug\link.13948-rc.read.1.tlog
D:\デスクトップ\Project\Sample\Sample\Sample\Debug\link.13948-rc.write.1.tlog
D:\デスクトップ\Project\Sample\Sample\Sample\Debug\link.13948.read.1.tlog
D:\デスクトップ\Project\Sample\Sample\Sample\Debug\link.13948.write.1.tlog
D:\デスクトップ\Project\Sample\Sample\Sample\Debug\link.15396-cvtres.read.1.tlog
D:\デスクトップ\Project\Sample\Sample\Sample\Debug\link.15396-cvtres.write.1.tlog
D:\デスクトップ\Project\Sample\Sample\Sample\Debug\link.15396-rc.read.1.tlog
D:\デスクトップ\Project\Sample\Sample\Sample\Debug\link.15396-rc.write.1.tlog
D:\デスクトップ\Project\Sample\Sample\Sample\Debug\link.15396.read.1.tlog
D:\デスクトップ\Project\Sample\Sample\Sample\Debug\link.15396.write.1.tlog
D:\デスクトップ\Project\Sample\Sample\Sample\Debug\link.17300-cvtres.read.1.tlog
D:\デスクトップ\Project\Sample\Sample\Sample\Debug\link.17300-cvtres.write.1.tlog
D:\デスクトップ\Project\Sample\Sample\Sample\Debug\link.17300-rc.read.1.tlog
D:\デスクトップ\Project\Sample\Sample\Sample\Debug\link.17300-rc.write.1.tlog
D:\デスクトップ\Project\Sample\Sample\Sample\Debug\link.17300.read.1.tlog
D:\デスクトップ\Project\Sample\Sample\Sample\Debug\link.17300.write.1.tlog
D:\デスクトップ\Project\Sample\Sample\Sample\Debug\link.19684-cvtres.read.1.tlog
D:\デスクトップ\Project\Sample\Sample\Sample\Debug\link.19684-cvtres.write.1.tlog
D:\デスクトップ\Project\Sample\Sample\Sample\Debug\link.19684-rc.read.1.tlog
D:\デスクトップ\Project\Sample\Sample\Sample\Debug\link.19684-rc.write.1.tlog
D:\デスクトップ\Project\Sample\Sample\Sample\Debug\link.19684.read.1.tlog
D:\デスクトップ\Project\Sample\Sample\Sample\Debug\link.19684.write.1.tlog
D:\デスクトップ\Project\Sample\Sample\Sample\Debug\link.20364-cvtres.read.1.tlog
D:\デスクトップ\Project\Sample\Sample\Sample\Debug\link.20364-cvtres.write.1.tlog
D:\デスクトップ\Project\Sample\Sample\Sample\Debug\link.20364-rc.read.1.tlog
D:\デスクトップ\Project\Sample\Sample\Sample\Debug\link.20364-rc.write.1.tlog
D:\デスクトップ\Project\Sample\Sample\Sample\Debug\link.20364.read.1.tlog
D:\デスクトップ\Project\Sample\Sample\Sample\Debug\link.20364.write.1.tlog
D:\デスクトップ\Project\Sample\Sample\Sample\Debug\link.20984-cvtres.read.1.tlog
D:\デスクトップ\Project\Sample\Sample\Sample\Debug\link.20984-cvtres.write.1.tlog
D:\デスクトップ\Project\Sample\Sample\Sample\Debug\link.20984-rc.read.1.tlog
D:\デスクトップ\Project\Sample\Sample\Sample\Debug\link.20984-rc.write.1.tlog
D:\デスクトップ\Project\Sample\Sample\Sample\Debug\link.20984.read.1.tlog
D:\デスクトップ\Project\Sample\Sample\Sample\Debug\link.20984.write.1.tlog
D:\デスクトップ\Project\Sample\Sample\Sample\Debug\link.212-cvtres.read.1.tlog
D:\デスクトップ\Project\Sample\Sample\Sample\Debug\link.212-cvtres.write.1.tlog
D:\デスクトップ\Project\Sample\Sample\Sample\Debug\link.212-rc.read.1.tlog
D:\デスクトップ\Project\Sample\Sample\Sample\Debug\link.212-rc.write.1.tlog
D:\デスクトップ\Project\Sample\Sample\Sample\Debug\link.212.read.1.tlog
D:\デスクトップ\Project\Sample\Sample\Sample\Debug\link.212.write.1.tlog
D:\デスクトップ\Project\Sample\Sample\Sample\Debug\link.2152-cvtres.read.1.tlog
D:\デスクトップ\Project\Sample\Sample\Sample\Debug\link.2152-cvtres.write.1.tlog
D:\デスクトップ\Project\Sample\Sample\Sample\Debug\link.2152-rc.read.1.tlog
D:\デスクトップ\Project\Sample\Sample\Sample\Debug\link.2152-rc.write.1.tlog
D:\デスクトップ\Project\Sample\Sample\Sample\Debug\link.2152.read.1.tlog
D:\デスクトップ\Project\Sample\Sample\Sample\Debug\link.2152.write.1.tlog
D:\デスクトップ\Project\Sample\Sample\Sample\Debug\link.22404-cvtres.read.1.tlog
D:\デスクトップ\Project\Sample\Sample\Sample\Debug\link.22404-cvtres.write.1.tlog
D:\デスクトップ\Project\Sample\Sample\Sample\Debug\link.22404-rc.read.1.tlog
D:\デスクトップ\Project\Sample\Sample\Sample\Debug\link.22404-rc.write.1.tlog
D:\デスクトップ\Project\Sample\Sample\Sample\Debug\link.22404.read.1.tlog
D:\デスクトップ\Project\Sample\Sample\Sample\Debug\link.22404.write.1.tlog
D:\デスクトップ\Project\Sample\Sample\Sample\Debug\link.22908-cvtres.read.1.tlog
D:\デスクトップ\Project\Sample\Sample\Sample\Debug\link.22908-cvtres.write.1.tlog
D:\デスクトップ\Project\Sample\Sample\Sample\Debug\link.22908-rc.read.1.tlog
D:\デスクトップ\Project\Sample\Sample\Sample\Debug\link.22908-rc.write.1.tlog
D:\デスクトップ\Project\Sample\Sample\Sample\Debug\link.22908.read.1.tlog
D:\デスクトップ\Project\Sample\Sample\Sample\Debug\link.22908.write.1.tlog
D:\デスクトップ\Project\Sample\Sample\Sample\Debug\link.24220-cvtres.read.1.tlog
D:\デスクトップ\Project\Sample\Sample\Sample\Debug\link.24220-cvtres.write.1.tlog
D:\デスクトップ\Project\Sample\Sample\Sample\Debug\link.24220-rc.read.1.tlog
D:\デスクトップ\Project\Sample\Sample\Sample\Debug\link.24220-rc.write.1.tlog
D:\デスクトップ\Project\Sample\Sample\Sample\Debug\link.24220.read.1.tlog
D:\デスクトップ\Project\Sample\Sample\Sample\Debug\link.24220.write.1.tlog
D:\デスクトップ\Project\Sample\Sample\Sample\Debug\link.24468-cvtres.read.1.tlog
D:\デスクトップ\Project\Sample\Sample\Sample\Debug\link.24468-cvtres.write.1.tlog
D:\デスクトップ\Project\Sample\Sample\Sample\Debug\link.24468-rc.read.1.tlog
D:\デスクトップ\Project\Sample\Sample\Sample\Debug\link.24468-rc.write.1.tlog
D:\デスクトップ\Project\Sample\Sample\Sample\Debug\link.24468.read.1.tlog
D:\デスクトップ\Project\Sample\Sample\Sample\Debug\link.24468.write.1.tlog
D:\デスクトップ\Project\Sample\Sample\Sample\Debug\link.2492-cvtres.read.1.tlog
D:\デスクトップ\Project\Sample\Sample\Sample\Debug\link.2492-cvtres.write.1.tlog
D:\デスクトップ\Project\Sample\Sample\Sample\Debug\link.2492-rc.read.1.tlog
D:\デスクトップ\Project\Sample\Sample\Sample\Debug\link.2492-rc.write.1.tlog
D:\デスクトップ\Project\Sample\Sample\Sample\Debug\link.2492.read.1.tlog
D:\デスクトップ\Project\Sample\Sample\Sample\Debug\link.2492.write.1.tlog
D:\デスクトップ\Project\Sample\Sample\Sample\Debug\link.616-cvtres.read.1.tlog
D:\デスクトップ\Project\Sample\Sample\Sample\Debug\link.616-cvtres.write.1.tlog
D:\デスクトップ\Project\Sample\Sample\Sample\Debug\link.616-rc.read.1.tlog
D:\デスクトップ\Project\Sample\Sample\Sample\Debug\link.616-rc.write.1.tlog
D:\デスクトップ\Project\Sample\Sample\Sample\Debug\link.616.read.1.tlog
D:\デスクトップ\Project\Sample\Sample\Sample\Debug\link.616.write.1.tlog
D:\デスクトップ\Project\Sample\Sample\Sample\Debug\link.8752-cvtres.read.1.tlog
D:\デスクトップ\Project\Sample\Sample\Sample\Debug\link.8752-cvtres.write.1.tlog
D:\デスクトップ\Project\Sample\Sample\Sample\Debug\link.8752-rc.read.1.tlog
D:\デスクトップ\Project\Sample\Sample\Sample\Debug\link.8752-rc.write.1.tlog
D:\デスクトップ\Project\Sample\Sample\Sample\Debug\link.8752.read.1.tlog
D:\デスクトップ\Project\Sample\Sample\Sample\Debug\link.8752.write.1.tlog
D:\デスクトップ\Project\Sample\Sample\Sample\Debug\link.8884-cvtres.read.1.tlog
D:\デスクトップ\Project\Sample\Sample\Sample\Debug\link.8884-cvtres.write.1.tlog
D:\デスクトップ\Project\Sample\Sample\Sample\Debug\link.8884-rc.read.1.tlog
D:\デスクトップ\Project\Sample\Sample\Sample\Debug\link.8884-rc.write.1.tlog
D:\デスクトップ\Project\Sample\Sample\Sample\Debug\link.8884.read.1.tlog
D:\デスクトップ\Project\Sample\Sample\Sample\Debug\link.8884.write.1.tlog
D:\デスクトップ\Project\Sample\Sample\Sample\Debug\link.9224-cvtres.read.1.tlog
D:\デスクトップ\Project\Sample\Sample\Sample\Debug\link.9224-cvtres.write.1.tlog
D:\デスクトップ\Project\Sample\Sample\Sample\Debug\link.9224-rc.read.1.tlog
D:\デスクトップ\Project\Sample\Sample\Sample\Debug\link.9224-rc.write.1.tlog
D:\デスクトップ\Project\Sample\Sample\Sample\Debug\link.9224.read.1.tlog
D:\デスクトップ\Project\Sample\Sample\Sample\Debug\link.9224.write.1.tlog
D:\デスクトップ\Project\Sample\Sample\Sample\Debug\link.command.1.tlog
D:\デスクトップ\Project\Sample\Sample\Sample\Debug\link.read.1.tlog
D:\デスクトップ\Project\Sample\Sample\Sample\Debug\link.write.1.tlog
D:\デスクトップ\Project\Sample\Sample\Sample\Debug\vc110.idb
D:\デスクトップ\Project\Sample\Sample\Sample\Debug\vc110.pdb
D:\デスクトップ\Project\Sample\Sample\Debug\Sample.pdb
D:\デスクトップ\Project\Sample\Sample\Debug\Sample.exe
D:\デスクトップ\Project\Sample\Sample\Debug\Sample.ilk
