2017/10/08 10:24:47 にビルドを開始しました。
     1>ノード 2 上のプロジェクト "F:\visual studio C\project\mySample\Sample\Sample\Sample.vcxproj" (Build ターゲット)。
     1>Link:
         C:\Program Files (x86)\Microsoft Visual Studio 11.0\VC\bin\link.exe /ERRORREPORT:PROMPT /OUT:"F:\visual studio C\project\mySample\Sample\Debug\Sample.exe" /INCREMENTAL /NOLOGO /LIBPATH:./DxLib kernel32.lib user32.lib gdi32.lib winspool.lib comdlg32.lib advapi32.lib shell32.lib ole32.lib oleaut32.lib uuid.lib odbc32.lib odbccp32.lib /MANIFEST /MANIFESTUAC:"level='asInvoker' uiAccess='false'" /manifest:embed /DEBUG /PDB:"F:\visual studio C\project\mySample\Sample\Debug\Sample.pdb" /SUBSYSTEM:WINDOWS /TLBID:1 /DYNAMICBASE /NXCOMPAT /IMPLIB:"F:\visual studio C\project\mySample\Sample\Debug\Sample.lib" /MACHINE:X86 Debug\CommonRes.obj
         Debug\GameCommon.obj
         Debug\GameData.obj
         Debug\Script.obj
         Debug\ScriptFlag.obj
         Debug\ScriptVariable.obj
         Debug\Boot.obj
         Debug\CameraObj.obj
         Debug\CharactorObj.obj
         Debug\Chara_EnemyObj.obj
         Debug\Chara_PlayerObj.obj
         Debug\CharComRes.obj
         Debug\EnemyMgr.obj
         Debug\GameMain.obj
         Debug\PlayerMgr.obj
         Debug\PlayerObj.obj
         Debug\Scene.obj
         Debug\Title.obj
         Debug\MapObj.obj
         Debug\Test.obj
         Debug\TestCommunication.obj
         Debug\PackManChactorBase.obj
         Debug\PackManCharctorMgr.obj
         Debug\PackManGameMgr.obj
         Debug\PackManStageMgr.obj
         Debug\TestGameMgr.obj
         Debug\TestAnim.obj
         Debug\TestShotObj.obj
         Debug\TestTetoris.obj
         Debug\TestMenu.obj
         Debug\main.obj
         "F:\visual studio C\project\mySample\Sample\Debug\TDXLib.lib"
         Sample.vcxproj -> F:\visual studio C\project\mySample\Sample\Debug\Sample.exe
     1>プロジェクト "F:\visual studio C\project\mySample\Sample\Sample\Sample.vcxproj" (Build ターゲット) のビルドが完了しました。

ビルドに成功しました。

経過時間 00:00:02.33
