D:\デスクトップ\PROJECT\SAMPLE\SAMPLE\SAMPLE\RELEASE\TASK.OBJ
D:\デスクトップ\PROJECT\SAMPLE\SAMPLE\SAMPLE\RELEASE\SOUND.OBJ
D:\デスクトップ\PROJECT\SAMPLE\SAMPLE\SAMPLE\RELEASE\MODEL.OBJ
D:\デスクトップ\PROJECT\SAMPLE\SAMPLE\SAMPLE\RELEASE\MEMORY.OBJ
D:\デスクトップ\PROJECT\SAMPLE\SAMPLE\SAMPLE\RELEASE\KEYINPUTSTRING.OBJ
D:\デスクトップ\PROJECT\SAMPLE\SAMPLE\SAMPLE\RELEASE\KEYBOARD.OBJ
D:\デスクトップ\PROJECT\SAMPLE\SAMPLE\SAMPLE\RELEASE\HIT.OBJ
D:\デスクトップ\PROJECT\SAMPLE\SAMPLE\SAMPLE\RELEASE\GRAPHICS.OBJ
D:\デスクトップ\PROJECT\SAMPLE\SAMPLE\SAMPLE\RELEASE\FONTMGR.OBJ
D:\デスクトップ\PROJECT\SAMPLE\SAMPLE\SAMPLE\RELEASE\FILE.OBJ
D:\デスクトップ\PROJECT\SAMPLE\SAMPLE\SAMPLE\RELEASE\FIGURE.OBJ
D:\デスクトップ\PROJECT\SAMPLE\SAMPLE\SAMPLE\RELEASE\EASING.OBJ
D:\デスクトップ\PROJECT\SAMPLE\SAMPLE\SAMPLE\RELEASE\COMMUNICATION.OBJ
D:\デスクトップ\PROJECT\SAMPLE\SAMPLE\SAMPLE\RELEASE\SCRIPTVARIABLE.OBJ
D:\デスクトップ\PROJECT\SAMPLE\SAMPLE\SAMPLE\RELEASE\SCRIPTFLAG.OBJ
D:\デスクトップ\PROJECT\SAMPLE\SAMPLE\SAMPLE\RELEASE\SCRIPT.OBJ
D:\デスクトップ\PROJECT\SAMPLE\SAMPLE\SAMPLE\RELEASE\GAMEDATA.OBJ
D:\デスクトップ\PROJECT\SAMPLE\SAMPLE\SAMPLE\RELEASE\GAMECOMMON.OBJ
D:\デスクトップ\PROJECT\SAMPLE\SAMPLE\SAMPLE\RELEASE\COMMONRES.OBJ
D:\デスクトップ\PROJECT\SAMPLE\SAMPLE\SAMPLE\RELEASE\TESTMENU.OBJ
D:\デスクトップ\PROJECT\SAMPLE\SAMPLE\SAMPLE\RELEASE\TESTTETORIS.OBJ
D:\デスクトップ\PROJECT\SAMPLE\SAMPLE\SAMPLE\RELEASE\TESTSHOTOBJ.OBJ
D:\デスクトップ\PROJECT\SAMPLE\SAMPLE\SAMPLE\RELEASE\TESTANIM.OBJ
D:\デスクトップ\PROJECT\SAMPLE\SAMPLE\SAMPLE\RELEASE\TESTCOMMUNICATION.OBJ
D:\デスクトップ\PROJECT\SAMPLE\SAMPLE\SAMPLE\RELEASE\TEST.OBJ
D:\デスクトップ\PROJECT\SAMPLE\SAMPLE\SAMPLE\RELEASE\MAPOBJ.OBJ
D:\デスクトップ\PROJECT\SAMPLE\SAMPLE\SAMPLE\RELEASE\TITLE.OBJ
D:\デスクトップ\PROJECT\SAMPLE\SAMPLE\SAMPLE\RELEASE\SCENE.OBJ
D:\デスクトップ\PROJECT\SAMPLE\SAMPLE\SAMPLE\RELEASE\PLAYEROBJ.OBJ
D:\デスクトップ\PROJECT\SAMPLE\SAMPLE\SAMPLE\RELEASE\PLAYERMGR.OBJ
D:\デスクトップ\PROJECT\SAMPLE\SAMPLE\SAMPLE\RELEASE\GAMEMAIN.OBJ
D:\デスクトップ\PROJECT\SAMPLE\SAMPLE\SAMPLE\RELEASE\ENEMYMGR.OBJ
D:\デスクトップ\PROJECT\SAMPLE\SAMPLE\SAMPLE\RELEASE\CHARCOMRES.OBJ
D:\デスクトップ\PROJECT\SAMPLE\SAMPLE\SAMPLE\RELEASE\CHARA_PLAYEROBJ.OBJ
D:\デスクトップ\PROJECT\SAMPLE\SAMPLE\SAMPLE\RELEASE\CHARA_ENEMYOBJ.OBJ
D:\デスクトップ\PROJECT\SAMPLE\SAMPLE\SAMPLE\RELEASE\CHARACTOROBJ.OBJ
D:\デスクトップ\PROJECT\SAMPLE\SAMPLE\SAMPLE\RELEASE\CAMERAOBJ.OBJ
D:\デスクトップ\PROJECT\SAMPLE\SAMPLE\SAMPLE\RELEASE\BOOT.OBJ
D:\デスクトップ\PROJECT\SAMPLE\SAMPLE\SAMPLE\RELEASE\TOUCH.OBJ
D:\デスクトップ\PROJECT\SAMPLE\SAMPLE\SAMPLE\RELEASE\MAIN.OBJ
D:\デスクトップ\PROJECT\SAMPLE\SAMPLE\SAMPLE\RELEASE\GRAPHCISANIMATIONPLAYER.OBJ
D:\デスクトップ\PROJECT\SAMPLE\SAMPLE\SAMPLE\RELEASE\DEBUG.OBJ
D:\デスクトップ\PROJECT\SAMPLE\SAMPLE\RELEASE\SAMPLE.EXE
D:\デスクトップ\PROJECT\SAMPLE\SAMPLE\RELEASE\SAMPLE.PDB
D:\デスクトップ\Project\Sample\Sample\Sample\Release\Boot.obj
D:\デスクトップ\Project\Sample\Sample\Sample\Release\CameraObj.obj
D:\デスクトップ\Project\Sample\Sample\Sample\Release\CharactorObj.obj
D:\デスクトップ\Project\Sample\Sample\Sample\Release\Chara_EnemyObj.obj
D:\デスクトップ\Project\Sample\Sample\Sample\Release\Chara_PlayerObj.obj
D:\デスクトップ\Project\Sample\Sample\Sample\Release\CharComRes.obj
D:\デスクトップ\Project\Sample\Sample\Sample\Release\CommonRes.obj
D:\デスクトップ\Project\Sample\Sample\Sample\Release\Communication.obj
D:\デスクトップ\Project\Sample\Sample\Sample\Release\Debug.obj
D:\デスクトップ\Project\Sample\Sample\Sample\Release\Easing.obj
D:\デスクトップ\Project\Sample\Sample\Sample\Release\EnemyMgr.obj
D:\デスクトップ\Project\Sample\Sample\Sample\Release\Figure.obj
D:\デスクトップ\Project\Sample\Sample\Sample\Release\File.obj
D:\デスクトップ\Project\Sample\Sample\Sample\Release\FontMgr.obj
D:\デスクトップ\Project\Sample\Sample\Sample\Release\GameCommon.obj
D:\デスクトップ\Project\Sample\Sample\Sample\Release\GameData.obj
D:\デスクトップ\Project\Sample\Sample\Sample\Release\GameMain.obj
D:\デスクトップ\Project\Sample\Sample\Sample\Release\GraphcisAnimationPlayer.obj
D:\デスクトップ\Project\Sample\Sample\Sample\Release\Graphics.obj
D:\デスクトップ\Project\Sample\Sample\Sample\Release\Hit.obj
D:\デスクトップ\Project\Sample\Sample\Sample\Release\Keyboard.obj
D:\デスクトップ\Project\Sample\Sample\Sample\Release\KeyInputString.obj
D:\デスクトップ\Project\Sample\Sample\Sample\Release\main.obj
D:\デスクトップ\Project\Sample\Sample\Sample\Release\MapObj.obj
D:\デスクトップ\Project\Sample\Sample\Sample\Release\Memory.obj
D:\デスクトップ\Project\Sample\Sample\Sample\Release\Model.obj
D:\デスクトップ\Project\Sample\Sample\Sample\Release\PlayerMgr.obj
D:\デスクトップ\Project\Sample\Sample\Sample\Release\PlayerObj.obj
D:\デスクトップ\Project\Sample\Sample\Sample\Release\Scene.obj
D:\デスクトップ\Project\Sample\Sample\Sample\Release\Script.obj
D:\デスクトップ\Project\Sample\Sample\Sample\Release\ScriptFlag.obj
D:\デスクトップ\Project\Sample\Sample\Sample\Release\ScriptVariable.obj
D:\デスクトップ\Project\Sample\Sample\Sample\Release\Sound.obj
D:\デスクトップ\Project\Sample\Sample\Sample\Release\Task.obj
D:\デスクトップ\Project\Sample\Sample\Sample\Release\Test.obj
D:\デスクトップ\Project\Sample\Sample\Sample\Release\TestAnim.obj
D:\デスクトップ\Project\Sample\Sample\Sample\Release\TestCommunication.obj
D:\デスクトップ\Project\Sample\Sample\Sample\Release\TestMenu.obj
D:\デスクトップ\Project\Sample\Sample\Sample\Release\TestShotObj.obj
D:\デスクトップ\Project\Sample\Sample\Sample\Release\TestTetoris.obj
D:\デスクトップ\Project\Sample\Sample\Sample\Release\Title.obj
D:\デスクトップ\Project\Sample\Sample\Sample\Release\Touch.obj
D:\デスクトップ\Project\Sample\Sample\Sample\Release\cl.command.1.tlog
D:\デスクトップ\Project\Sample\Sample\Sample\Release\CL.read.1.tlog
D:\デスクトップ\Project\Sample\Sample\Sample\Release\CL.write.1.tlog
D:\デスクトップ\Project\Sample\Sample\Sample\Release\link-cvtres.read.1.tlog
D:\デスクトップ\Project\Sample\Sample\Sample\Release\link-cvtres.write.1.tlog
D:\デスクトップ\Project\Sample\Sample\Sample\Release\link-rc.read.1.tlog
D:\デスクトップ\Project\Sample\Sample\Sample\Release\link-rc.write.1.tlog
D:\デスクトップ\Project\Sample\Sample\Sample\Release\link.command.1.tlog
D:\デスクトップ\Project\Sample\Sample\Sample\Release\link.read.1.tlog
D:\デスクトップ\Project\Sample\Sample\Sample\Release\link.write.1.tlog
D:\デスクトップ\Project\Sample\Sample\Sample\Release\vc110.pdb
D:\デスクトップ\Project\Sample\Sample\Release\Sample.pdb
D:\デスクトップ\Project\Sample\Sample\Release\Sample.exe
