2017/09/08 0:31:48 にビルドを開始しました。
     1>ノード 2 上のプロジェクト "D:\デスクトップ\Project\Sample\Sample\Sample\Sample.vcxproj" (Build ターゲット)。
     1>ClCompile:
         C:\Program Files (x86)\Microsoft Visual Studio 11.0\VC\bin\CL.exe /c /ICode /I./DxLib /I.././TDXLin /I.././TDXLin/Code /Zi /nologo /W3 /WX- /sdl /O2 /Oi /Oy- /GL /D WIN32 /D NDEBUG /D _WINDOWS /D _MBCS /Gm- /EHsc /MT /GS /Gy /fp:precise /Zc:wchar_t /Zc:forScope /Fo"Release\\" /Fd"Release\vc110.pdb" /Gd /TP /analyze- /errorReport:prompt Code\Common\CommonRes\CommonRes.cpp Code\Common\GameCommon\GameCommon.cpp Code\Common\Global\GameData.cpp Code\Common\Script\Script.cpp Code\Common\Script\ScriptFlag.cpp Code\Common\Script\ScriptVariable.cpp Code\Scene\Boot\Boot.cpp Code\Scene\GameMain\Camera\CameraObj.cpp Code\Scene\GameMain\Charactor\CharactorObj.cpp Code\Scene\GameMain\Charactor\Chara_EnemyObj.cpp Code\Scene\GameMain\Charactor\Chara_PlayerObj.cpp Code\Scene\GameMain\Charactor\CharctorRes\CharComRes.cpp Code\Scene\GameMain\Charactor\EnemyMgr.cpp Code\Scene\GameMain\GameMain.cpp Code\Scene\GameMain\PlayerMgr.cpp Code\Scene\GameMain\PlayerObj.cpp Code\Scene\Scene.cpp Code\Scene\Title\Title.cpp Code\Test\MapObj.cpp Code\Test\Test.cpp Code\Test\TestCommunication\TestCommunication.cpp Code\Test\TestGame\Tetoris\TestAnim.cpp Code\Test\TestGame\Tetoris\TestShotObj.cpp Code\Test\TestGame\Tetoris\TestTetoris.cpp Code\Test\TestMenu\TestMenu.cpp main.cpp
         CommonRes.cpp
         GameCommon.cpp
         GameData.cpp
         Script.cpp
         ScriptFlag.cpp
         ScriptVariable.cpp
         Boot.cpp
         CameraObj.cpp
         CharactorObj.cpp
         Chara_EnemyObj.cpp
         Chara_PlayerObj.cpp
         CharComRes.cpp
     1>Code\Scene\GameMain\Charactor\CharctorRes\CharComRes.cpp(70): warning C4244: '=' : 'LONGLONG' から 'int' への変換です。データが失われる可能性があります。
         EnemyMgr.cpp
     1>Code\Scene\GameMain\Charactor\EnemyMgr.cpp(47): warning C4244: '引数' : 'int' から 'float' への変換です。データが失われる可能性があります。
         GameMain.cpp
         PlayerMgr.cpp
         PlayerObj.cpp
         Scene.cpp
         Title.cpp
         MapObj.cpp
         Test.cpp
         コンパイル中...
         TestCommunication.cpp
         TestAnim.cpp
         TestShotObj.cpp
         TestTetoris.cpp
         TestMenu.cpp
         main.cpp
       Link:
         C:\Program Files (x86)\Microsoft Visual Studio 11.0\VC\bin\link.exe /ERRORREPORT:PROMPT /OUT:"D:\デスクトップ\Project\Sample\Sample\Release\Sample.exe" /INCREMENTAL:NO /NOLOGO /LIBPATH:./DxLib kernel32.lib user32.lib gdi32.lib winspool.lib comdlg32.lib advapi32.lib shell32.lib ole32.lib oleaut32.lib uuid.lib odbc32.lib odbccp32.lib /MANIFEST /MANIFESTUAC:"level='asInvoker' uiAccess='false'" /manifest:embed /DEBUG /PDB:"D:\デスクトップ\Project\Sample\Sample\Release\Sample.pdb" /SUBSYSTEM:WINDOWS /OPT:REF /OPT:ICF /LTCG /TLBID:1 /DYNAMICBASE /NXCOMPAT /IMPLIB:"D:\デスクトップ\Project\Sample\Sample\Release\Sample.lib" /MACHINE:X86 /SAFESEH Release\CommonRes.obj
         Release\GameCommon.obj
         Release\GameData.obj
         Release\Script.obj
         Release\ScriptFlag.obj
         Release\ScriptVariable.obj
         Release\Boot.obj
         Release\CameraObj.obj
         Release\CharactorObj.obj
         Release\Chara_EnemyObj.obj
         Release\Chara_PlayerObj.obj
         Release\CharComRes.obj
         Release\EnemyMgr.obj
         Release\GameMain.obj
         Release\PlayerMgr.obj
         Release\PlayerObj.obj
         Release\Scene.obj
         Release\Title.obj
         Release\MapObj.obj
         Release\Test.obj
         Release\TestCommunication.obj
         Release\TestAnim.obj
         Release\TestShotObj.obj
         Release\TestTetoris.obj
         Release\TestMenu.obj
         Release\main.obj
         "D:\デスクトップ\Project\Sample\Sample\Release\TDXLib.lib"
         コード生成しています。
         コード生成が終了しました。
         Sample.vcxproj -> D:\デスクトップ\Project\Sample\Sample\Release\Sample.exe
     1>プロジェクト "D:\デスクトップ\Project\Sample\Sample\Sample\Sample.vcxproj" (Build ターゲット) のビルドが完了しました。

ビルドに成功しました。

経過時間 00:00:10.87
