D:\デスクトップ\PROJECT\SAMPLE\SAMPLE\TDXLIN\DEBUG\ARRAY2D.OBJ
D:\デスクトップ\PROJECT\SAMPLE\SAMPLE\TDXLIN\DEBUG\COMMUNICATION.OBJ
D:\デスクトップ\PROJECT\SAMPLE\SAMPLE\TDXLIN\DEBUG\DEBUG.OBJ
D:\デスクトップ\PROJECT\SAMPLE\SAMPLE\TDXLIN\DEBUG\EASING.OBJ
D:\デスクトップ\PROJECT\SAMPLE\SAMPLE\TDXLIN\DEBUG\FIGURE.OBJ
D:\デスクトップ\PROJECT\SAMPLE\SAMPLE\TDXLIN\DEBUG\FILE.OBJ
D:\デスクトップ\PROJECT\SAMPLE\SAMPLE\TDXLIN\DEBUG\FONTMGR.OBJ
D:\デスクトップ\PROJECT\SAMPLE\SAMPLE\TDXLIN\DEBUG\GRAPHCISANIMATIONPLAYER.OBJ
D:\デスクトップ\PROJECT\SAMPLE\SAMPLE\TDXLIN\DEBUG\GRAPHICS.OBJ
D:\デスクトップ\PROJECT\SAMPLE\SAMPLE\TDXLIN\DEBUG\HIT.OBJ
D:\デスクトップ\PROJECT\SAMPLE\SAMPLE\TDXLIN\DEBUG\KEYBOARD.OBJ
D:\デスクトップ\PROJECT\SAMPLE\SAMPLE\TDXLIN\DEBUG\KEYINPUTSTRING.OBJ
D:\デスクトップ\PROJECT\SAMPLE\SAMPLE\TDXLIN\DEBUG\MEMORY.OBJ
D:\デスクトップ\PROJECT\SAMPLE\SAMPLE\TDXLIN\DEBUG\MODEL.OBJ
D:\デスクトップ\PROJECT\SAMPLE\SAMPLE\TDXLIN\DEBUG\SOUND.OBJ
D:\デスクトップ\PROJECT\SAMPLE\SAMPLE\TDXLIN\DEBUG\TASK.OBJ
D:\デスクトップ\PROJECT\SAMPLE\SAMPLE\TDXLIN\DEBUG\TOUCH.OBJ
D:\デスクトップ\PROJECT\SAMPLE\SAMPLE\TDXLIN\DEBUG\VC110.PDB
D:\デスクトップ\PROJECT\SAMPLE\SAMPLE\TDXLIN\DEBUG\ASSERT.OBJ
D:\デスクトップ\PROJECT\SAMPLE\SAMPLE\TDXLIN\DEBUG\FRAMEWORK.OBJ
D:\デスクトップ\PROJECT\SAMPLE\SAMPLE\DEBUG\TDXLIB.LIB
D:\デスクトップ\Project\Sample\Sample\TDXLin\Debug\Array2D.obj
D:\デスクトップ\Project\Sample\Sample\TDXLin\Debug\Assert.obj
D:\デスクトップ\Project\Sample\Sample\TDXLin\Debug\Communication.obj
D:\デスクトップ\Project\Sample\Sample\TDXLin\Debug\Debug.obj
D:\デスクトップ\Project\Sample\Sample\TDXLin\Debug\Easing.obj
D:\デスクトップ\Project\Sample\Sample\TDXLin\Debug\Figure.obj
D:\デスクトップ\Project\Sample\Sample\TDXLin\Debug\File.obj
D:\デスクトップ\Project\Sample\Sample\TDXLin\Debug\FontMgr.obj
D:\デスクトップ\Project\Sample\Sample\TDXLin\Debug\Framework.obj
D:\デスクトップ\Project\Sample\Sample\TDXLin\Debug\GraphcisAnimationPlayer.obj
D:\デスクトップ\Project\Sample\Sample\TDXLin\Debug\Graphics.obj
D:\デスクトップ\Project\Sample\Sample\TDXLin\Debug\Hit.obj
D:\デスクトップ\Project\Sample\Sample\TDXLin\Debug\Keyboard.obj
D:\デスクトップ\Project\Sample\Sample\TDXLin\Debug\KeyInputString.obj
D:\デスクトップ\Project\Sample\Sample\TDXLin\Debug\Memory.obj
D:\デスクトップ\Project\Sample\Sample\TDXLin\Debug\Model.obj
D:\デスクトップ\Project\Sample\Sample\TDXLin\Debug\Sound.obj
D:\デスクトップ\Project\Sample\Sample\TDXLin\Debug\Task.obj
D:\デスクトップ\Project\Sample\Sample\TDXLin\Debug\Touch.obj
D:\デスクトップ\Project\Sample\Sample\TDXLin\Debug\cl.command.1.tlog
D:\デスクトップ\Project\Sample\Sample\TDXLin\Debug\CL.read.1.tlog
D:\デスクトップ\Project\Sample\Sample\TDXLin\Debug\CL.write.1.tlog
D:\デスクトップ\Project\Sample\Sample\TDXLin\Debug\Lib-link.read.1.tlog
D:\デスクトップ\Project\Sample\Sample\TDXLin\Debug\Lib-link.write.1.tlog
D:\デスクトップ\Project\Sample\Sample\TDXLin\Debug\lib.command.1.tlog
D:\デスクトップ\Project\Sample\Sample\TDXLin\Debug\vc110.idb
D:\デスクトップ\Project\Sample\Sample\TDXLin\Debug\vc110.pdb
D:\デスクトップ\Project\Sample\Sample\Debug\TDXLib.lib
